/*C3*/SET SCHEMA PUBLIC
CREATE TABLE IF NOT EXISTS Events (id VARCHAR(50) NOT NULL, duration FLOAT NOT NULL, type VARCHAR(50), host VARCHAR(50), alert BOOLEAN NOT NULL)
INSERT INTO EVENTS VALUES('7db42861-872d-406a-9f10-17f93c6d3c2f',5.0E0,'APPLICATION_LOG','12345',TRUE)
COMMIT
INSERT INTO EVENTS VALUES('552db01b-551e-41c2-b609-4f04e84362e3',8.0E0,'N/A','N/A',TRUE)
COMMIT
INSERT INTO EVENTS VALUES('95d64fca-e85b-4a26-9717-7526626d5f58',3.0E0,'N/A','N/A',FALSE)
COMMIT
DELETE FROM EVENTS WHERE ID='7db42861-872d-406a-9f10-17f93c6d3c2f' AND DURATION=5.0E0 AND TYPE='APPLICATION_LOG' AND HOST='12345' AND ALERT=TRUE
DELETE FROM EVENTS WHERE ID='552db01b-551e-41c2-b609-4f04e84362e3' AND DURATION=8.0E0 AND TYPE='N/A' AND HOST='N/A' AND ALERT=TRUE
DELETE FROM EVENTS WHERE ID='95d64fca-e85b-4a26-9717-7526626d5f58' AND DURATION=3.0E0 AND TYPE='N/A' AND HOST='N/A' AND ALERT=FALSE
COMMIT
/*C4*/SET SCHEMA PUBLIC
CREATE TABLE IF NOT EXISTS Events (id VARCHAR(50) NOT NULL, duration FLOAT NOT NULL, type VARCHAR(50), host VARCHAR(50), alert BOOLEAN NOT NULL)
INSERT INTO EVENTS VALUES('2e660e56-734c-48fd-a453-52506d9d3fd2',5.0E0,'APPLICATION_LOG','12345',TRUE)
COMMIT
INSERT INTO EVENTS VALUES('d82663b4-a42b-494d-9534-26fa47cdb3b4',8.0E0,'N/A','N/A',TRUE)
COMMIT
INSERT INTO EVENTS VALUES('a68cb46f-853f-447e-84a7-bced20663a53',3.0E0,'N/A','N/A',FALSE)
COMMIT
DELETE FROM EVENTS WHERE ID='2e660e56-734c-48fd-a453-52506d9d3fd2' AND DURATION=5.0E0 AND TYPE='APPLICATION_LOG' AND HOST='12345' AND ALERT=TRUE
DELETE FROM EVENTS WHERE ID='d82663b4-a42b-494d-9534-26fa47cdb3b4' AND DURATION=8.0E0 AND TYPE='N/A' AND HOST='N/A' AND ALERT=TRUE
DELETE FROM EVENTS WHERE ID='a68cb46f-853f-447e-84a7-bced20663a53' AND DURATION=3.0E0 AND TYPE='N/A' AND HOST='N/A' AND ALERT=FALSE
COMMIT
DISCONNECT
